<?xml version="1.0" encoding="UTF-8"?>
<testng-results skipped="0" failed="1" ignored="0" total="17" passed="16">
  <reporter-output>
  </reporter-output>
  <suite name="Command line suite" duration-ms="110338" started-at="2019-09-17T06:02:23Z" finished-at="2019-09-17T06:04:13Z">
    <groups>
      <group name="Link Test">
        <method signature="GoogleTest.mailLinkTest()[pri:2, instance:TestNGDemo.GoogleTest@380fb434]" name="mailLinkTest" class="TestNGDemo.GoogleTest"/>
      </group> <!-- Link Test -->
      <group name="Test">
        <method signature="GoogleTest.test1()[pri:4, instance:TestNGDemo.GoogleTest@380fb434]" name="test1" class="TestNGDemo.GoogleTest"/>
        <method signature="GoogleTest.test2()[pri:5, instance:TestNGDemo.GoogleTest@380fb434]" name="test2" class="TestNGDemo.GoogleTest"/>
        <method signature="GoogleTest.test3()[pri:6, instance:TestNGDemo.GoogleTest@380fb434]" name="test3" class="TestNGDemo.GoogleTest"/>
      </group> <!-- Test -->
      <group name="Title">
        <method signature="GoogleTest.googleTitleTest()[pri:1, instance:TestNGDemo.GoogleTest@380fb434]" name="googleTitleTest" class="TestNGDemo.GoogleTest"/>
      </group> <!-- Title -->
      <group name="Logo">
        <method signature="GoogleTest.googleLogoTest()[pri:3, instance:TestNGDemo.GoogleTest@380fb434]" name="googleLogoTest" class="TestNGDemo.GoogleTest"/>
      </group> <!-- Logo -->
    </groups>
    <test name="Command line test" duration-ms="110338" started-at="2019-09-17T06:02:23Z" finished-at="2019-09-17T06:04:13Z">
      <class name="TestNGDemo.ExceptionTimeOutTest">
        <test-method status="PASS" signature="test1()[pri:0, instance:TestNGDemo.ExceptionTimeOutTest@21bcffb5]" name="test1" duration-ms="4" started-at="2019-09-17T06:02:23Z" finished-at="2019-09-17T06:02:23Z">
          <exception class="java.lang.NumberFormatException">
            <message>
              <![CDATA[For input string: "100A"]]>
            </message>
            <full-stacktrace>
              <![CDATA[java.lang.NumberFormatException: For input string: "100A"
at java.lang.NumberFormatException.forInputString(NumberFormatException.java:65)
at java.lang.Integer.parseInt(Integer.java:580)
at java.lang.Integer.parseInt(Integer.java:615)
at TestNGDemo.ExceptionTimeOutTest.test1(ExceptionTimeOutTest.java:19)
at sun.reflect.NativeMethodAccessorImpl.invoke0(Native Method)
at sun.reflect.NativeMethodAccessorImpl.invoke(NativeMethodAccessorImpl.java:62)
at sun.reflect.DelegatingMethodAccessorImpl.invoke(DelegatingMethodAccessorImpl.java:43)
at java.lang.reflect.Method.invoke(Method.java:498)
at org.testng.internal.MethodInvocationHelper.invokeMethod(MethodInvocationHelper.java:124)
at org.testng.internal.Invoker.invokeMethod(Invoker.java:583)
at org.testng.internal.Invoker.invokeTestMethod(Invoker.java:719)
at org.testng.internal.Invoker.invokeTestMethods(Invoker.java:989)
at org.testng.internal.TestMethodWorker.invokeTestMethods(TestMethodWorker.java:125)
at org.testng.internal.TestMethodWorker.run(TestMethodWorker.java:109)
at org.testng.TestRunner.privateRun(TestRunner.java:648)
at org.testng.TestRunner.run(TestRunner.java:505)
at org.testng.SuiteRunner.runTest(SuiteRunner.java:455)
at org.testng.SuiteRunner.runSequentially(SuiteRunner.java:450)
at org.testng.SuiteRunner.privateRun(SuiteRunner.java:415)
at org.testng.SuiteRunner.run(SuiteRunner.java:364)
at org.testng.SuiteRunnerWorker.runSuite(SuiteRunnerWorker.java:52)
at org.testng.SuiteRunnerWorker.run(SuiteRunnerWorker.java:84)
at org.testng.TestNG.runSuitesSequentially(TestNG.java:1208)
at org.testng.TestNG.runSuitesLocally(TestNG.java:1137)
at org.testng.TestNG.runSuites(TestNG.java:1049)
at org.testng.TestNG.run(TestNG.java:1017)
at org.apache.maven.surefire.testng.TestNGExecutor.run(TestNGExecutor.java:77)
at org.apache.maven.surefire.testng.TestNGDirectoryTestSuite.executeMulti(TestNGDirectoryTestSuite.java:159)
at org.apache.maven.surefire.testng.TestNGDirectoryTestSuite.execute(TestNGDirectoryTestSuite.java:99)
at org.apache.maven.surefire.testng.TestNGProvider.invoke(TestNGProvider.java:106)
at sun.reflect.NativeMethodAccessorImpl.invoke0(Native Method)
at sun.reflect.NativeMethodAccessorImpl.invoke(NativeMethodAccessorImpl.java:62)
at sun.reflect.DelegatingMethodAccessorImpl.invoke(DelegatingMethodAccessorImpl.java:43)
at java.lang.reflect.Method.invoke(Method.java:498)
at org.apache.maven.surefire.util.ReflectionUtils.invokeMethodWithArray(ReflectionUtils.java:189)
at org.apache.maven.surefire.booter.ProviderFactory$ProviderProxy.invoke(ProviderFactory.java:165)
at org.apache.maven.surefire.booter.ProviderFactory.invokeProvider(ProviderFactory.java:85)
at org.apache.maven.surefire.booter.ForkedBooter.runSuitesInProcess(ForkedBooter.java:115)
at org.apache.maven.surefire.booter.ForkedBooter.main(ForkedBooter.java:75)
]]>
            </full-stacktrace>
          </exception> <!-- java.lang.NumberFormatException -->
          <reporter-output>
          </reporter-output>
        </test-method> <!-- test1 -->
      </class> <!-- TestNGDemo.ExceptionTimeOutTest -->
      <class name="TestNGDemo.TestNgBasics">
        <test-method status="PASS" signature="setUp()[pri:0, instance:TestNGDemo.TestNgBasics@5ebec15]" name="setUp" is-config="true" duration-ms="52" started-at="2019-09-17T06:02:22Z" finished-at="2019-09-17T06:02:23Z">
          <reporter-output>
          </reporter-output>
        </test-method> <!-- setUp -->
        <test-method status="PASS" signature="launchBrowser()[pri:0, instance:TestNGDemo.TestNgBasics@5ebec15]" name="launchBrowser" is-config="true" duration-ms="4" started-at="2019-09-17T06:02:23Z" finished-at="2019-09-17T06:02:23Z">
          <reporter-output>
          </reporter-output>
        </test-method> <!-- launchBrowser -->
        <test-method status="PASS" signature="login()[pri:0, instance:TestNGDemo.TestNgBasics@5ebec15]" name="login" is-config="true" duration-ms="0" started-at="2019-09-17T06:04:13Z" finished-at="2019-09-17T06:04:13Z">
          <reporter-output>
          </reporter-output>
        </test-method> <!-- login -->
        <test-method status="PASS" signature="googleLogoTest()[pri:0, instance:TestNGDemo.TestNgBasics@5ebec15]" name="googleLogoTest" duration-ms="0" started-at="2019-09-17T06:04:13Z" finished-at="2019-09-17T06:04:13Z">
          <reporter-output>
          </reporter-output>
        </test-method> <!-- googleLogoTest -->
        <test-method status="PASS" signature="logOut()[pri:0, instance:TestNGDemo.TestNgBasics@5ebec15]" name="logOut" is-config="true" duration-ms="4" started-at="2019-09-17T06:04:13Z" finished-at="2019-09-17T06:04:13Z">
          <reporter-output>
          </reporter-output>
        </test-method> <!-- logOut -->
        <test-method status="PASS" signature="enterURL()[pri:0, instance:TestNGDemo.TestNgBasics@5ebec15]" name="enterURL" is-config="true" duration-ms="0" started-at="2019-09-17T06:04:13Z" finished-at="2019-09-17T06:04:13Z">
          <reporter-output>
          </reporter-output>
        </test-method> <!-- enterURL -->
        <test-method status="PASS" signature="enterURL()[pri:0, instance:TestNGDemo.TestNgBasics@5ebec15]" name="enterURL" is-config="true" duration-ms="0" started-at="2019-09-17T06:04:13Z" finished-at="2019-09-17T06:04:13Z">
          <reporter-output>
          </reporter-output>
        </test-method> <!-- enterURL -->
        <test-method status="PASS" signature="googleTitleTest()[pri:0, instance:TestNGDemo.TestNgBasics@5ebec15]" name="googleTitleTest" duration-ms="4" started-at="2019-09-17T06:04:13Z" finished-at="2019-09-17T06:04:13Z">
          <reporter-output>
          </reporter-output>
        </test-method> <!-- googleTitleTest -->
        <test-method status="PASS" signature="logOut()[pri:0, instance:TestNGDemo.TestNgBasics@5ebec15]" name="logOut" is-config="true" duration-ms="0" started-at="2019-09-17T06:04:13Z" finished-at="2019-09-17T06:04:13Z">
          <reporter-output>
          </reporter-output>
        </test-method> <!-- logOut -->
        <test-method status="PASS" signature="enterURL()[pri:0, instance:TestNGDemo.TestNgBasics@5ebec15]" name="enterURL" is-config="true" duration-ms="4" started-at="2019-09-17T06:04:13Z" finished-at="2019-09-17T06:04:13Z">
          <reporter-output>
          </reporter-output>
        </test-method> <!-- enterURL -->
        <test-method status="PASS" signature="searchTest()[pri:0, instance:TestNGDemo.TestNgBasics@5ebec15]" name="searchTest" duration-ms="1" started-at="2019-09-17T06:04:13Z" finished-at="2019-09-17T06:04:13Z">
          <reporter-output>
          </reporter-output>
        </test-method> <!-- searchTest -->
        <test-method status="PASS" signature="logOut()[pri:0, instance:TestNGDemo.TestNgBasics@5ebec15]" name="logOut" is-config="true" duration-ms="1" started-at="2019-09-17T06:04:13Z" finished-at="2019-09-17T06:04:13Z">
          <reporter-output>
          </reporter-output>
        </test-method> <!-- logOut -->
        <test-method status="PASS" signature="closeBrowser()[pri:0, instance:TestNGDemo.TestNgBasics@5ebec15]" name="closeBrowser" is-config="true" duration-ms="1" started-at="2019-09-17T06:04:13Z" finished-at="2019-09-17T06:04:13Z">
          <reporter-output>
          </reporter-output>
        </test-method> <!-- closeBrowser -->
        <test-method status="PASS" signature="deleteAllCookies()[pri:0, instance:TestNGDemo.TestNgBasics@5ebec15]" name="deleteAllCookies" is-config="true" duration-ms="2" started-at="2019-09-17T06:04:13Z" finished-at="2019-09-17T06:04:13Z">
          <reporter-output>
          </reporter-output>
        </test-method> <!-- deleteAllCookies -->
      </class> <!-- TestNGDemo.TestNgBasics -->
      <class name="TestNGDemo.TestNgFeatures">
        <test-method status="PASS" signature="loginTest()[pri:0, instance:TestNGDemo.TestNgFeatures@7a5d012c]" name="loginTest" duration-ms="3" started-at="2019-09-17T06:04:13Z" finished-at="2019-09-17T06:04:13Z">
          <reporter-output>
          </reporter-output>
        </test-method> <!-- loginTest -->
      </class> <!-- TestNGDemo.TestNgFeatures -->
      <class name="TestNGDemo.InvocationCountTest">
        <test-method status="PASS" signature="sum()[pri:0, instance:TestNGDemo.InvocationCountTest@3cda1055]" name="sum" duration-ms="0" started-at="2019-09-17T06:04:13Z" finished-at="2019-09-17T06:04:13Z">
          <reporter-output>
          </reporter-output>
        </test-method> <!-- sum -->
        <test-method status="PASS" signature="sum()[pri:0, instance:TestNGDemo.InvocationCountTest@3cda1055]" name="sum" duration-ms="0" started-at="2019-09-17T06:04:13Z" finished-at="2019-09-17T06:04:13Z">
          <reporter-output>
          </reporter-output>
        </test-method> <!-- sum -->
        <test-method status="PASS" signature="sum()[pri:0, instance:TestNGDemo.InvocationCountTest@3cda1055]" name="sum" duration-ms="4" started-at="2019-09-17T06:04:13Z" finished-at="2019-09-17T06:04:13Z">
          <reporter-output>
          </reporter-output>
        </test-method> <!-- sum -->
        <test-method status="PASS" signature="sum()[pri:0, instance:TestNGDemo.InvocationCountTest@3cda1055]" name="sum" duration-ms="4" started-at="2019-09-17T06:04:13Z" finished-at="2019-09-17T06:04:13Z">
          <reporter-output>
          </reporter-output>
        </test-method> <!-- sum -->
        <test-method status="PASS" signature="sum()[pri:0, instance:TestNGDemo.InvocationCountTest@3cda1055]" name="sum" duration-ms="0" started-at="2019-09-17T06:04:13Z" finished-at="2019-09-17T06:04:13Z">
          <reporter-output>
          </reporter-output>
        </test-method> <!-- sum -->
        <test-method status="PASS" signature="sum()[pri:0, instance:TestNGDemo.InvocationCountTest@3cda1055]" name="sum" duration-ms="4" started-at="2019-09-17T06:04:13Z" finished-at="2019-09-17T06:04:13Z">
          <reporter-output>
          </reporter-output>
        </test-method> <!-- sum -->
        <test-method status="PASS" signature="sum()[pri:0, instance:TestNGDemo.InvocationCountTest@3cda1055]" name="sum" duration-ms="0" started-at="2019-09-17T06:04:13Z" finished-at="2019-09-17T06:04:13Z">
          <reporter-output>
          </reporter-output>
        </test-method> <!-- sum -->
        <test-method status="PASS" signature="sum()[pri:0, instance:TestNGDemo.InvocationCountTest@3cda1055]" name="sum" duration-ms="4" started-at="2019-09-17T06:04:13Z" finished-at="2019-09-17T06:04:13Z">
          <reporter-output>
          </reporter-output>
        </test-method> <!-- sum -->
        <test-method status="PASS" signature="sum()[pri:0, instance:TestNGDemo.InvocationCountTest@3cda1055]" name="sum" duration-ms="4" started-at="2019-09-17T06:04:13Z" finished-at="2019-09-17T06:04:13Z">
          <reporter-output>
          </reporter-output>
        </test-method> <!-- sum -->
        <test-method status="PASS" signature="sum()[pri:0, instance:TestNGDemo.InvocationCountTest@3cda1055]" name="sum" duration-ms="0" started-at="2019-09-17T06:04:13Z" finished-at="2019-09-17T06:04:13Z">
          <reporter-output>
          </reporter-output>
        </test-method> <!-- sum -->
      </class> <!-- TestNGDemo.InvocationCountTest -->
      <class name="TestNGDemo.GoogleTitleTest">
        <test-method status="PASS" signature="setUp()[pri:0, instance:TestNGDemo.GoogleTitleTest@668bc3d5]" name="setUp" is-config="true" duration-ms="79927" started-at="2019-09-17T06:02:23Z" finished-at="2019-09-17T06:03:43Z">
          <reporter-output>
          </reporter-output>
        </test-method> <!-- setUp -->
        <test-method status="PASS" signature="googleLogoTest()[pri:0, instance:TestNGDemo.GoogleTitleTest@668bc3d5]" name="googleLogoTest" duration-ms="658" started-at="2019-09-17T06:03:43Z" finished-at="2019-09-17T06:03:43Z">
          <reporter-output>
          </reporter-output>
        </test-method> <!-- googleLogoTest -->
        <test-method status="PASS" signature="tearDown()[pri:0, instance:TestNGDemo.GoogleTitleTest@668bc3d5]" name="tearDown" is-config="true" duration-ms="1511" started-at="2019-09-17T06:03:43Z" finished-at="2019-09-17T06:03:45Z">
          <reporter-output>
          </reporter-output>
        </test-method> <!-- tearDown -->
        <test-method status="PASS" signature="setUp()[pri:0, instance:TestNGDemo.GoogleTitleTest@668bc3d5]" name="setUp" is-config="true" duration-ms="26372" started-at="2019-09-17T06:03:45Z" finished-at="2019-09-17T06:04:11Z">
          <reporter-output>
          </reporter-output>
        </test-method> <!-- setUp -->
        <test-method status="FAIL" signature="googleTitleTest()[pri:0, instance:TestNGDemo.GoogleTitleTest@668bc3d5]" name="googleTitleTest" duration-ms="44" started-at="2019-09-17T06:04:11Z" finished-at="2019-09-17T06:04:11Z">
          <exception class="java.lang.AssertionError">
            <message>
              <![CDATA[title is not matched expected [Google123] but found [www.google.com]]]>
            </message>
            <full-stacktrace>
              <![CDATA[java.lang.AssertionError: title is not matched expected [Google123] but found [www.google.com]
at org.testng.Assert.fail(Assert.java:96)
at org.testng.Assert.failNotEquals(Assert.java:776)
at org.testng.Assert.assertEqualsImpl(Assert.java:137)
at org.testng.Assert.assertEquals(Assert.java:118)
at org.testng.Assert.assertEquals(Assert.java:453)
at TestNGDemo.GoogleTitleTest.googleTitleTest(GoogleTitleTest.java:36)
at sun.reflect.NativeMethodAccessorImpl.invoke0(Native Method)
at sun.reflect.NativeMethodAccessorImpl.invoke(NativeMethodAccessorImpl.java:62)
at sun.reflect.DelegatingMethodAccessorImpl.invoke(DelegatingMethodAccessorImpl.java:43)
at java.lang.reflect.Method.invoke(Method.java:498)
at org.testng.internal.MethodInvocationHelper.invokeMethod(MethodInvocationHelper.java:124)
at org.testng.internal.Invoker.invokeMethod(Invoker.java:583)
at org.testng.internal.Invoker.invokeTestMethod(Invoker.java:719)
at org.testng.internal.Invoker.invokeTestMethods(Invoker.java:989)
at org.testng.internal.TestMethodWorker.invokeTestMethods(TestMethodWorker.java:125)
at org.testng.internal.TestMethodWorker.run(TestMethodWorker.java:109)
at org.testng.TestRunner.privateRun(TestRunner.java:648)
at org.testng.TestRunner.run(TestRunner.java:505)
at org.testng.SuiteRunner.runTest(SuiteRunner.java:455)
at org.testng.SuiteRunner.runSequentially(SuiteRunner.java:450)
at org.testng.SuiteRunner.privateRun(SuiteRunner.java:415)
at org.testng.SuiteRunner.run(SuiteRunner.java:364)
at org.testng.SuiteRunnerWorker.runSuite(SuiteRunnerWorker.java:52)
at org.testng.SuiteRunnerWorker.run(SuiteRunnerWorker.java:84)
at org.testng.TestNG.runSuitesSequentially(TestNG.java:1208)
at org.testng.TestNG.runSuitesLocally(TestNG.java:1137)
at org.testng.TestNG.runSuites(TestNG.java:1049)
at org.testng.TestNG.run(TestNG.java:1017)
at org.apache.maven.surefire.testng.TestNGExecutor.run(TestNGExecutor.java:77)
at org.apache.maven.surefire.testng.TestNGDirectoryTestSuite.executeMulti(TestNGDirectoryTestSuite.java:159)
at org.apache.maven.surefire.testng.TestNGDirectoryTestSuite.execute(TestNGDirectoryTestSuite.java:99)
at org.apache.maven.surefire.testng.TestNGProvider.invoke(TestNGProvider.java:106)
at sun.reflect.NativeMethodAccessorImpl.invoke0(Native Method)
at sun.reflect.NativeMethodAccessorImpl.invoke(NativeMethodAccessorImpl.java:62)
at sun.reflect.DelegatingMethodAccessorImpl.invoke(DelegatingMethodAccessorImpl.java:43)
at java.lang.reflect.Method.invoke(Method.java:498)
at org.apache.maven.surefire.util.ReflectionUtils.invokeMethodWithArray(ReflectionUtils.java:189)
at org.apache.maven.surefire.booter.ProviderFactory$ProviderProxy.invoke(ProviderFactory.java:165)
at org.apache.maven.surefire.booter.ProviderFactory.invokeProvider(ProviderFactory.java:85)
at org.apache.maven.surefire.booter.ForkedBooter.runSuitesInProcess(ForkedBooter.java:115)
at org.apache.maven.surefire.booter.ForkedBooter.main(ForkedBooter.java:75)
]]>
            </full-stacktrace>
          </exception> <!-- java.lang.AssertionError -->
          <reporter-output>
          </reporter-output>
        </test-method> <!-- googleTitleTest -->
        <test-method status="PASS" signature="tearDown()[pri:0, instance:TestNGDemo.GoogleTitleTest@668bc3d5]" name="tearDown" is-config="true" duration-ms="1557" started-at="2019-09-17T06:04:11Z" finished-at="2019-09-17T06:04:13Z">
          <reporter-output>
          </reporter-output>
        </test-method> <!-- tearDown -->
      </class> <!-- TestNGDemo.GoogleTitleTest -->
    </test> <!-- Command line test -->
  </suite> <!-- Command line suite -->
</testng-results>
