<?xml version="1.0" encoding="UTF-8"?>
<!-- Generated by org.testng.reporters.JUnitXMLReporter -->
<testsuite hostname="DESKTOP-FUD79OP" name="Different testng feature test" tests="24" failures="1" timestamp="17 Sep 2019 05:19:02 GMT" time="136.629" errors="0">
  <testcase name="test1" time="0.028" classname="TestNGDemo.ExceptionTimeOutTest"/>
  <testcase name="googleTitleTest" time="0.023" classname="TestNGDemo.GoogleTest"/>
  <testcase name="mailLinkTest" time="30.331" classname="TestNGDemo.GoogleTest">
    <failure type="org.openqa.selenium.NoSuchElementException" message="no such element: Unable to locate element: {&amp;quot;method&amp;quot;:&amp;quot;link text&amp;quot;,&amp;quot;selector&amp;quot;:&amp;quot;GMail&amp;quot;}
  (Session info: chrome=76.0.3809.132)
For documentation on this error, please visit: http://seleniumhq.org/exceptions/no_such_element.html
Build info: version: &amp;apos;3.11.0&amp;apos;, revision: &amp;apos;e59cfb3&amp;apos;, time: &amp;apos;2018-03-11T20:26:55.152Z&amp;apos;
System info: host: &amp;apos;DESKTOP-FUD79OP&amp;apos;, ip: &amp;apos;192.168.225.213&amp;apos;, os.name: &amp;apos;Windows 10&amp;apos;, os.arch: &amp;apos;amd64&amp;apos;, os.version: &amp;apos;10.0&amp;apos;, java.version: &amp;apos;1.8.0_211&amp;apos;
Driver info: org.openqa.selenium.chrome.ChromeDriver
Capabilities {acceptInsecureCerts: false, browserName: chrome, browserVersion: 76.0.3809.132, chrome: {chromedriverVersion: 75.0.3770.8 (681f24ea911fe7..., userDataDir: C:\Users\Dell\AppData\Local...}, goog:chromeOptions: {debuggerAddress: localhost:57724}, javascriptEnabled: true, networkConnectionEnabled: false, pageLoadStrategy: normal, platform: XP, platformName: XP, proxy: Proxy(), setWindowRect: true, strictFileInteractability: false, timeouts: {implicit: 0, pageLoad: 300000, script: 30000}, unhandledPromptBehavior: dismiss and notify}
Session ID: d8cf144d51eb7200b51f1a328cfb6d36
*** Element info: {Using=link text, value=GMail}">
      <![CDATA[org.openqa.selenium.NoSuchElementException: no such element: Unable to locate element: {"method":"link text","selector":"GMail"}
  (Session info: chrome=76.0.3809.132)
For documentation on this error, please visit: http://seleniumhq.org/exceptions/no_such_element.html
Build info: version: '3.11.0', revision: 'e59cfb3', time: '2018-03-11T20:26:55.152Z'
System info: host: 'DESKTOP-FUD79OP', ip: '192.168.225.213', os.name: 'Windows 10', os.arch: 'amd64', os.version: '10.0', java.version: '1.8.0_211'
Driver info: org.openqa.selenium.chrome.ChromeDriver
Capabilities {acceptInsecureCerts: false, browserName: chrome, browserVersion: 76.0.3809.132, chrome: {chromedriverVersion: 75.0.3770.8 (681f24ea911fe7..., userDataDir: C:\Users\Dell\AppData\Local...}, goog:chromeOptions: {debuggerAddress: localhost:57724}, javascriptEnabled: true, networkConnectionEnabled: false, pageLoadStrategy: normal, platform: XP, platformName: XP, proxy: Proxy(), setWindowRect: true, strictFileInteractability: false, timeouts: {implicit: 0, pageLoad: 300000, script: 30000}, unhandledPromptBehavior: dismiss and notify}
Session ID: d8cf144d51eb7200b51f1a328cfb6d36
*** Element info: {Using=link text, value=GMail}
	at org.openqa.selenium.remote.http.W3CHttpResponseCodec.createException(W3CHttpResponseCodec.java:187)
	at org.openqa.selenium.remote.http.W3CHttpResponseCodec.decode(W3CHttpResponseCodec.java:122)
	at org.openqa.selenium.remote.http.W3CHttpResponseCodec.decode(W3CHttpResponseCodec.java:49)
	at org.openqa.selenium.remote.HttpCommandExecutor.execute(HttpCommandExecutor.java:158)
	at org.openqa.selenium.remote.service.DriverCommandExecutor.execute(DriverCommandExecutor.java:83)
	at org.openqa.selenium.remote.RemoteWebDriver.execute(RemoteWebDriver.java:545)
	at org.openqa.selenium.remote.RemoteWebDriver.findElement(RemoteWebDriver.java:319)
	at org.openqa.selenium.remote.RemoteWebDriver.findElementByLinkText(RemoteWebDriver.java:373)
	at org.openqa.selenium.By$ByLinkText.findElement(By.java:246)
	at org.openqa.selenium.remote.RemoteWebDriver.findElement(RemoteWebDriver.java:311)
	at TestNGDemo.GoogleTest.mailLinkTest(GoogleTest.java:48)
... Removed 28 stack frames]]>
    </failure>
  </testcase> <!-- mailLinkTest -->
  <testcase name="googleLogoTest" time="0.298" classname="TestNGDemo.GoogleTest"/>
  <testcase name="test1" time="0.004" classname="TestNGDemo.GoogleTest"/>
  <testcase name="test2" time="0.004" classname="TestNGDemo.GoogleTest"/>
  <testcase name="test3" time="0.008" classname="TestNGDemo.GoogleTest"/>
  <testcase name="sum" time="0.003" classname="TestNGDemo.InvocationCountTest"/>
  <testcase name="sum" time="0.004" classname="TestNGDemo.InvocationCountTest"/>
  <testcase name="sum" time="0.004" classname="TestNGDemo.InvocationCountTest"/>
  <testcase name="sum" time="0.0" classname="TestNGDemo.InvocationCountTest"/>
  <testcase name="sum" time="0.012" classname="TestNGDemo.InvocationCountTest"/>
  <testcase name="sum" time="0.008" classname="TestNGDemo.InvocationCountTest"/>
  <testcase name="sum" time="0.004" classname="TestNGDemo.InvocationCountTest"/>
  <testcase name="sum" time="0.004" classname="TestNGDemo.InvocationCountTest"/>
  <testcase name="sum" time="0.004" classname="TestNGDemo.InvocationCountTest"/>
  <testcase name="sum" time="0.004" classname="TestNGDemo.InvocationCountTest"/>
  <testcase name="loginTest" time="0.008" classname="TestNGDemo.TestNgFeatures"/>
  <testcase name="HomePageTest" time="0.004" classname="TestNGDemo.TestNgFeatures"/>
  <testcase name="RegPageTest" time="0.004" classname="TestNGDemo.TestNgFeatures"/>
  <testcase name="SearchPageTest" time="0.004" classname="TestNGDemo.TestNgFeatures"/>
  <testcase name="googleLogoTest" time="0.004" classname="TestNGDemo.TestNgBasics"/>
  <testcase name="googleTitleTest" time="0.004" classname="TestNGDemo.TestNgBasics"/>
  <testcase name="searchTest" time="0.004" classname="TestNGDemo.TestNgBasics"/>
</testsuite> <!-- Different testng feature test -->
