<?xml version="1.0" encoding="UTF-8"?>
<testng-results skipped="0" failed="1" total="24" passed="23">
  <reporter-output>
  </reporter-output>
  <suite name="TestNg Session Test Automation Suite" duration-ms="136629" started-at="2019-09-17T05:16:46Z" finished-at="2019-09-17T05:19:02Z">
    <groups>
      <group name="Link Test">
        <method signature="GoogleTest.mailLinkTest()[pri:2, instance:TestNGDemo.GoogleTest@71c7db30]" name="mailLinkTest" class="TestNGDemo.GoogleTest"/>
      </group> <!-- Link Test -->
      <group name="Test">
        <method signature="GoogleTest.test1()[pri:4, instance:TestNGDemo.GoogleTest@71c7db30]" name="test1" class="TestNGDemo.GoogleTest"/>
        <method signature="GoogleTest.test2()[pri:5, instance:TestNGDemo.GoogleTest@71c7db30]" name="test2" class="TestNGDemo.GoogleTest"/>
        <method signature="GoogleTest.test3()[pri:6, instance:TestNGDemo.GoogleTest@71c7db30]" name="test3" class="TestNGDemo.GoogleTest"/>
      </group> <!-- Test -->
      <group name="Title">
        <method signature="GoogleTest.googleTitleTest()[pri:1, instance:TestNGDemo.GoogleTest@71c7db30]" name="googleTitleTest" class="TestNGDemo.GoogleTest"/>
      </group> <!-- Title -->
      <group name="Logo">
        <method signature="GoogleTest.googleLogoTest()[pri:3, instance:TestNGDemo.GoogleTest@71c7db30]" name="googleLogoTest" class="TestNGDemo.GoogleTest"/>
      </group> <!-- Logo -->
    </groups>
    <test name="Different testng feature test" duration-ms="136629" started-at="2019-09-17T05:16:46Z" finished-at="2019-09-17T05:19:02Z">
      <class name="TestNGDemo.TestNgBasics">
        <test-method status="PASS" signature="setUp()[pri:0, instance:TestNGDemo.TestNgBasics@47f37ef1]" name="setUp" is-config="true" duration-ms="60" started-at="2019-09-17T10:46:45Z" finished-at="2019-09-17T10:46:46Z">
          <reporter-output>
          </reporter-output>
        </test-method> <!-- setUp -->
        <test-method status="PASS" signature="launchBrowser()[pri:0, instance:TestNGDemo.TestNgBasics@47f37ef1]" name="launchBrowser" is-config="true" duration-ms="0" started-at="2019-09-17T10:46:46Z" finished-at="2019-09-17T10:46:46Z">
          <reporter-output>
          </reporter-output>
        </test-method> <!-- launchBrowser -->
        <test-method status="PASS" signature="login()[pri:0, instance:TestNGDemo.TestNgBasics@47f37ef1]" name="login" is-config="true" duration-ms="0" started-at="2019-09-17T10:49:02Z" finished-at="2019-09-17T10:49:02Z">
          <reporter-output>
          </reporter-output>
        </test-method> <!-- login -->
        <test-method status="PASS" signature="googleLogoTest()[pri:0, instance:TestNGDemo.TestNgBasics@47f37ef1]" name="googleLogoTest" duration-ms="4" started-at="2019-09-17T10:49:02Z" finished-at="2019-09-17T10:49:02Z">
          <reporter-output>
          </reporter-output>
        </test-method> <!-- googleLogoTest -->
        <test-method status="PASS" signature="enterURL()[pri:0, instance:TestNGDemo.TestNgBasics@47f37ef1]" name="enterURL" is-config="true" duration-ms="0" started-at="2019-09-17T10:49:02Z" finished-at="2019-09-17T10:49:02Z">
          <reporter-output>
          </reporter-output>
        </test-method> <!-- enterURL -->
        <test-method status="PASS" signature="enterURL()[pri:0, instance:TestNGDemo.TestNgBasics@47f37ef1]" name="enterURL" is-config="true" duration-ms="4" started-at="2019-09-17T10:49:02Z" finished-at="2019-09-17T10:49:02Z">
          <reporter-output>
          </reporter-output>
        </test-method> <!-- enterURL -->
        <test-method status="PASS" signature="logOut()[pri:0, instance:TestNGDemo.TestNgBasics@47f37ef1]" name="logOut" is-config="true" duration-ms="0" started-at="2019-09-17T10:49:02Z" finished-at="2019-09-17T10:49:02Z">
          <reporter-output>
          </reporter-output>
        </test-method> <!-- logOut -->
        <test-method status="PASS" signature="googleTitleTest()[pri:0, instance:TestNGDemo.TestNgBasics@47f37ef1]" name="googleTitleTest" duration-ms="4" started-at="2019-09-17T10:49:02Z" finished-at="2019-09-17T10:49:02Z">
          <reporter-output>
          </reporter-output>
        </test-method> <!-- googleTitleTest -->
        <test-method status="PASS" signature="searchTest()[pri:0, instance:TestNGDemo.TestNgBasics@47f37ef1]" name="searchTest" duration-ms="4" started-at="2019-09-17T10:49:02Z" finished-at="2019-09-17T10:49:02Z">
          <reporter-output>
          </reporter-output>
        </test-method> <!-- searchTest -->
        <test-method status="PASS" signature="logOut()[pri:0, instance:TestNGDemo.TestNgBasics@47f37ef1]" name="logOut" is-config="true" duration-ms="0" started-at="2019-09-17T10:49:02Z" finished-at="2019-09-17T10:49:02Z">
          <reporter-output>
          </reporter-output>
        </test-method> <!-- logOut -->
        <test-method status="PASS" signature="enterURL()[pri:0, instance:TestNGDemo.TestNgBasics@47f37ef1]" name="enterURL" is-config="true" duration-ms="0" started-at="2019-09-17T10:49:02Z" finished-at="2019-09-17T10:49:02Z">
          <reporter-output>
          </reporter-output>
        </test-method> <!-- enterURL -->
        <test-method status="PASS" signature="logOut()[pri:0, instance:TestNGDemo.TestNgBasics@47f37ef1]" name="logOut" is-config="true" duration-ms="0" started-at="2019-09-17T10:49:02Z" finished-at="2019-09-17T10:49:02Z">
          <reporter-output>
          </reporter-output>
        </test-method> <!-- logOut -->
        <test-method status="PASS" signature="closeBrowser()[pri:0, instance:TestNGDemo.TestNgBasics@47f37ef1]" name="closeBrowser" is-config="true" duration-ms="0" started-at="2019-09-17T10:49:02Z" finished-at="2019-09-17T10:49:02Z">
          <reporter-output>
          </reporter-output>
        </test-method> <!-- closeBrowser -->
        <test-method status="PASS" signature="deleteAllCookies()[pri:0, instance:TestNGDemo.TestNgBasics@47f37ef1]" name="deleteAllCookies" is-config="true" duration-ms="0" started-at="2019-09-17T10:49:02Z" finished-at="2019-09-17T10:49:02Z">
          <reporter-output>
          </reporter-output>
        </test-method> <!-- deleteAllCookies -->
      </class> <!-- TestNGDemo.TestNgBasics -->
      <class name="TestNGDemo.ExceptionTimeOutTest">
        <test-method status="PASS" signature="test1()[pri:0, instance:TestNGDemo.ExceptionTimeOutTest@5a01ccaa]" name="test1" duration-ms="28" started-at="2019-09-17T10:46:46Z" finished-at="2019-09-17T10:46:46Z">
          <exception class="java.lang.NumberFormatException">
            <message>
              <![CDATA[For input string: "100A"]]>
            </message>
            <full-stacktrace>
              <![CDATA[java.lang.NumberFormatException: For input string: "100A"
	at java.lang.NumberFormatException.forInputString(Unknown Source)
	at java.lang.Integer.parseInt(Unknown Source)
	at java.lang.Integer.parseInt(Unknown Source)
	at TestNGDemo.ExceptionTimeOutTest.test1(ExceptionTimeOutTest.java:19)
	at sun.reflect.NativeMethodAccessorImpl.invoke0(Native Method)
	at sun.reflect.NativeMethodAccessorImpl.invoke(Unknown Source)
	at sun.reflect.DelegatingMethodAccessorImpl.invoke(Unknown Source)
	at java.lang.reflect.Method.invoke(Unknown Source)
	at org.testng.internal.MethodInvocationHelper.invokeMethod(MethodInvocationHelper.java:86)
	at org.testng.internal.Invoker.invokeMethod(Invoker.java:645)
	at org.testng.internal.Invoker.invokeTestMethod(Invoker.java:822)
	at org.testng.internal.Invoker.invokeTestMethods(Invoker.java:1130)
	at org.testng.internal.TestMethodWorker.invokeTestMethods(TestMethodWorker.java:129)
	at org.testng.internal.TestMethodWorker.run(TestMethodWorker.java:112)
	at org.testng.TestRunner.privateRun(TestRunner.java:782)
	at org.testng.TestRunner.run(TestRunner.java:632)
	at org.testng.SuiteRunner.runTest(SuiteRunner.java:366)
	at org.testng.SuiteRunner.runSequentially(SuiteRunner.java:361)
	at org.testng.SuiteRunner.privateRun(SuiteRunner.java:319)
	at org.testng.SuiteRunner.run(SuiteRunner.java:268)
	at org.testng.SuiteRunnerWorker.runSuite(SuiteRunnerWorker.java:52)
	at org.testng.SuiteRunnerWorker.run(SuiteRunnerWorker.java:86)
	at org.testng.TestNG.runSuitesSequentially(TestNG.java:1244)
	at org.testng.TestNG.runSuitesLocally(TestNG.java:1169)
	at org.testng.TestNG.run(TestNG.java:1064)
	at org.testng.remote.RemoteTestNG.run(RemoteTestNG.java:113)
	at org.testng.remote.RemoteTestNG.initAndRun(RemoteTestNG.java:206)
	at org.testng.remote.RemoteTestNG.main(RemoteTestNG.java:177)
]]>
            </full-stacktrace>
          </exception> <!-- java.lang.NumberFormatException -->
          <reporter-output>
          </reporter-output>
        </test-method> <!-- test1 -->
      </class> <!-- TestNGDemo.ExceptionTimeOutTest -->
      <class name="TestNGDemo.TestNgFeatures">
        <test-method status="PASS" signature="loginTest()[pri:0, instance:TestNGDemo.TestNgFeatures@4563e9ab]" name="loginTest" duration-ms="8" started-at="2019-09-17T10:49:02Z" finished-at="2019-09-17T10:49:02Z">
          <reporter-output>
          </reporter-output>
        </test-method> <!-- loginTest -->
        <test-method status="PASS" signature="HomePageTest()[pri:0, instance:TestNGDemo.TestNgFeatures@4563e9ab]" name="HomePageTest" duration-ms="4" started-at="2019-09-17T10:49:02Z" depends-on-methods="TestNGDemo.TestNgFeatures.loginTest" finished-at="2019-09-17T10:49:02Z">
          <reporter-output>
          </reporter-output>
        </test-method> <!-- HomePageTest -->
        <test-method status="PASS" signature="RegPageTest()[pri:0, instance:TestNGDemo.TestNgFeatures@4563e9ab]" name="RegPageTest" duration-ms="4" started-at="2019-09-17T10:49:02Z" depends-on-methods="TestNGDemo.TestNgFeatures.loginTest" finished-at="2019-09-17T10:49:02Z">
          <reporter-output>
          </reporter-output>
        </test-method> <!-- RegPageTest -->
        <test-method status="PASS" signature="SearchPageTest()[pri:0, instance:TestNGDemo.TestNgFeatures@4563e9ab]" name="SearchPageTest" duration-ms="4" started-at="2019-09-17T10:49:02Z" depends-on-methods="TestNGDemo.TestNgFeatures.loginTest" finished-at="2019-09-17T10:49:02Z">
          <reporter-output>
          </reporter-output>
        </test-method> <!-- SearchPageTest -->
      </class> <!-- TestNGDemo.TestNgFeatures -->
      <class name="TestNGDemo.InvocationCountTest">
        <test-method status="PASS" signature="sum()[pri:0, instance:TestNGDemo.InvocationCountTest@19bb089b]" name="sum" duration-ms="3" started-at="2019-09-17T10:49:02Z" finished-at="2019-09-17T10:49:02Z">
          <reporter-output>
          </reporter-output>
        </test-method> <!-- sum -->
        <test-method status="PASS" signature="sum()[pri:0, instance:TestNGDemo.InvocationCountTest@19bb089b]" name="sum" duration-ms="4" started-at="2019-09-17T10:49:02Z" finished-at="2019-09-17T10:49:02Z">
          <reporter-output>
          </reporter-output>
        </test-method> <!-- sum -->
        <test-method status="PASS" signature="sum()[pri:0, instance:TestNGDemo.InvocationCountTest@19bb089b]" name="sum" duration-ms="4" started-at="2019-09-17T10:49:02Z" finished-at="2019-09-17T10:49:02Z">
          <reporter-output>
          </reporter-output>
        </test-method> <!-- sum -->
        <test-method status="PASS" signature="sum()[pri:0, instance:TestNGDemo.InvocationCountTest@19bb089b]" name="sum" duration-ms="0" started-at="2019-09-17T10:49:02Z" finished-at="2019-09-17T10:49:02Z">
          <reporter-output>
          </reporter-output>
        </test-method> <!-- sum -->
        <test-method status="PASS" signature="sum()[pri:0, instance:TestNGDemo.InvocationCountTest@19bb089b]" name="sum" duration-ms="12" started-at="2019-09-17T10:49:02Z" finished-at="2019-09-17T10:49:02Z">
          <reporter-output>
          </reporter-output>
        </test-method> <!-- sum -->
        <test-method status="PASS" signature="sum()[pri:0, instance:TestNGDemo.InvocationCountTest@19bb089b]" name="sum" duration-ms="8" started-at="2019-09-17T10:49:02Z" finished-at="2019-09-17T10:49:02Z">
          <reporter-output>
          </reporter-output>
        </test-method> <!-- sum -->
        <test-method status="PASS" signature="sum()[pri:0, instance:TestNGDemo.InvocationCountTest@19bb089b]" name="sum" duration-ms="4" started-at="2019-09-17T10:49:02Z" finished-at="2019-09-17T10:49:02Z">
          <reporter-output>
          </reporter-output>
        </test-method> <!-- sum -->
        <test-method status="PASS" signature="sum()[pri:0, instance:TestNGDemo.InvocationCountTest@19bb089b]" name="sum" duration-ms="4" started-at="2019-09-17T10:49:02Z" finished-at="2019-09-17T10:49:02Z">
          <reporter-output>
          </reporter-output>
        </test-method> <!-- sum -->
        <test-method status="PASS" signature="sum()[pri:0, instance:TestNGDemo.InvocationCountTest@19bb089b]" name="sum" duration-ms="4" started-at="2019-09-17T10:49:02Z" finished-at="2019-09-17T10:49:02Z">
          <reporter-output>
          </reporter-output>
        </test-method> <!-- sum -->
        <test-method status="PASS" signature="sum()[pri:0, instance:TestNGDemo.InvocationCountTest@19bb089b]" name="sum" duration-ms="4" started-at="2019-09-17T10:49:02Z" finished-at="2019-09-17T10:49:02Z">
          <reporter-output>
          </reporter-output>
        </test-method> <!-- sum -->
      </class> <!-- TestNGDemo.InvocationCountTest -->
      <class name="TestNGDemo.GoogleTest">
        <test-method status="PASS" signature="setUp()[pri:0, instance:TestNGDemo.GoogleTest@71c7db30]" name="setUp" is-config="true" duration-ms="27468" started-at="2019-09-17T10:46:46Z" finished-at="2019-09-17T10:47:13Z">
          <reporter-output>
          </reporter-output>
        </test-method> <!-- setUp -->
        <test-method status="PASS" signature="googleTitleTest()[pri:1, instance:TestNGDemo.GoogleTest@71c7db30]" name="googleTitleTest" duration-ms="23" started-at="2019-09-17T10:47:13Z" finished-at="2019-09-17T10:47:13Z">
          <reporter-output>
          </reporter-output>
        </test-method> <!-- googleTitleTest -->
        <test-method status="PASS" signature="tearDown()[pri:0, instance:TestNGDemo.GoogleTest@71c7db30]" name="tearDown" is-config="true" duration-ms="1137" started-at="2019-09-17T10:47:13Z" finished-at="2019-09-17T10:47:14Z">
          <reporter-output>
          </reporter-output>
        </test-method> <!-- tearDown -->
        <test-method status="PASS" signature="setUp()[pri:0, instance:TestNGDemo.GoogleTest@71c7db30]" name="setUp" is-config="true" duration-ms="10352" started-at="2019-09-17T10:47:14Z" finished-at="2019-09-17T10:47:25Z">
          <reporter-output>
          </reporter-output>
        </test-method> <!-- setUp -->
        <test-method status="FAIL" signature="mailLinkTest()[pri:2, instance:TestNGDemo.GoogleTest@71c7db30]" name="mailLinkTest" duration-ms="30331" started-at="2019-09-17T10:47:25Z" finished-at="2019-09-17T10:47:55Z">
          <exception class="org.openqa.selenium.NoSuchElementException">
            <message>
              <![CDATA[no such element: Unable to locate element: {"method":"link text","selector":"GMail"}
  (Session info: chrome=76.0.3809.132)
For documentation on this error, please visit: http://seleniumhq.org/exceptions/no_such_element.html
Build info: version: '3.11.0', revision: 'e59cfb3', time: '2018-03-11T20:26:55.152Z'
System info: host: 'DESKTOP-FUD79OP', ip: '192.168.225.213', os.name: 'Windows 10', os.arch: 'amd64', os.version: '10.0', java.version: '1.8.0_211'
Driver info: org.openqa.selenium.chrome.ChromeDriver
Capabilities {acceptInsecureCerts: false, browserName: chrome, browserVersion: 76.0.3809.132, chrome: {chromedriverVersion: 75.0.3770.8 (681f24ea911fe7..., userDataDir: C:\Users\Dell\AppData\Local...}, goog:chromeOptions: {debuggerAddress: localhost:57724}, javascriptEnabled: true, networkConnectionEnabled: false, pageLoadStrategy: normal, platform: XP, platformName: XP, proxy: Proxy(), setWindowRect: true, strictFileInteractability: false, timeouts: {implicit: 0, pageLoad: 300000, script: 30000}, unhandledPromptBehavior: dismiss and notify}
Session ID: d8cf144d51eb7200b51f1a328cfb6d36
*** Element info: {Using=link text, value=GMail}]]>
            </message>
            <full-stacktrace>
              <![CDATA[org.openqa.selenium.NoSuchElementException: no such element: Unable to locate element: {"method":"link text","selector":"GMail"}
  (Session info: chrome=76.0.3809.132)
For documentation on this error, please visit: http://seleniumhq.org/exceptions/no_such_element.html
Build info: version: '3.11.0', revision: 'e59cfb3', time: '2018-03-11T20:26:55.152Z'
System info: host: 'DESKTOP-FUD79OP', ip: '192.168.225.213', os.name: 'Windows 10', os.arch: 'amd64', os.version: '10.0', java.version: '1.8.0_211'
Driver info: org.openqa.selenium.chrome.ChromeDriver
Capabilities {acceptInsecureCerts: false, browserName: chrome, browserVersion: 76.0.3809.132, chrome: {chromedriverVersion: 75.0.3770.8 (681f24ea911fe7..., userDataDir: C:\Users\Dell\AppData\Local...}, goog:chromeOptions: {debuggerAddress: localhost:57724}, javascriptEnabled: true, networkConnectionEnabled: false, pageLoadStrategy: normal, platform: XP, platformName: XP, proxy: Proxy(), setWindowRect: true, strictFileInteractability: false, timeouts: {implicit: 0, pageLoad: 300000, script: 30000}, unhandledPromptBehavior: dismiss and notify}
Session ID: d8cf144d51eb7200b51f1a328cfb6d36
*** Element info: {Using=link text, value=GMail}
	at sun.reflect.NativeConstructorAccessorImpl.newInstance0(Native Method)
	at sun.reflect.NativeConstructorAccessorImpl.newInstance(Unknown Source)
	at sun.reflect.DelegatingConstructorAccessorImpl.newInstance(Unknown Source)
	at java.lang.reflect.Constructor.newInstance(Unknown Source)
	at org.openqa.selenium.remote.http.W3CHttpResponseCodec.createException(W3CHttpResponseCodec.java:187)
	at org.openqa.selenium.remote.http.W3CHttpResponseCodec.decode(W3CHttpResponseCodec.java:122)
	at org.openqa.selenium.remote.http.W3CHttpResponseCodec.decode(W3CHttpResponseCodec.java:49)
	at org.openqa.selenium.remote.HttpCommandExecutor.execute(HttpCommandExecutor.java:158)
	at org.openqa.selenium.remote.service.DriverCommandExecutor.execute(DriverCommandExecutor.java:83)
	at org.openqa.selenium.remote.RemoteWebDriver.execute(RemoteWebDriver.java:545)
	at org.openqa.selenium.remote.RemoteWebDriver.findElement(RemoteWebDriver.java:319)
	at org.openqa.selenium.remote.RemoteWebDriver.findElementByLinkText(RemoteWebDriver.java:373)
	at org.openqa.selenium.By$ByLinkText.findElement(By.java:246)
	at org.openqa.selenium.remote.RemoteWebDriver.findElement(RemoteWebDriver.java:311)
	at TestNGDemo.GoogleTest.mailLinkTest(GoogleTest.java:48)
	at sun.reflect.NativeMethodAccessorImpl.invoke0(Native Method)
	at sun.reflect.NativeMethodAccessorImpl.invoke(Unknown Source)
	at sun.reflect.DelegatingMethodAccessorImpl.invoke(Unknown Source)
	at java.lang.reflect.Method.invoke(Unknown Source)
	at org.testng.internal.MethodInvocationHelper.invokeMethod(MethodInvocationHelper.java:86)
	at org.testng.internal.Invoker.invokeMethod(Invoker.java:645)
	at org.testng.internal.Invoker.invokeTestMethod(Invoker.java:822)
	at org.testng.internal.Invoker.invokeTestMethods(Invoker.java:1130)
	at org.testng.internal.TestMethodWorker.invokeTestMethods(TestMethodWorker.java:129)
	at org.testng.internal.TestMethodWorker.run(TestMethodWorker.java:112)
	at org.testng.TestRunner.privateRun(TestRunner.java:782)
	at org.testng.TestRunner.run(TestRunner.java:632)
	at org.testng.SuiteRunner.runTest(SuiteRunner.java:366)
	at org.testng.SuiteRunner.runSequentially(SuiteRunner.java:361)
	at org.testng.SuiteRunner.privateRun(SuiteRunner.java:319)
	at org.testng.SuiteRunner.run(SuiteRunner.java:268)
	at org.testng.SuiteRunnerWorker.runSuite(SuiteRunnerWorker.java:52)
	at org.testng.SuiteRunnerWorker.run(SuiteRunnerWorker.java:86)
	at org.testng.TestNG.runSuitesSequentially(TestNG.java:1244)
	at org.testng.TestNG.runSuitesLocally(TestNG.java:1169)
	at org.testng.TestNG.run(TestNG.java:1064)
	at org.testng.remote.RemoteTestNG.run(RemoteTestNG.java:113)
	at org.testng.remote.RemoteTestNG.initAndRun(RemoteTestNG.java:206)
	at org.testng.remote.RemoteTestNG.main(RemoteTestNG.java:177)
]]>
            </full-stacktrace>
          </exception> <!-- org.openqa.selenium.NoSuchElementException -->
          <reporter-output>
          </reporter-output>
        </test-method> <!-- mailLinkTest -->
        <test-method status="PASS" signature="tearDown()[pri:0, instance:TestNGDemo.GoogleTest@71c7db30]" name="tearDown" is-config="true" duration-ms="1428" started-at="2019-09-17T10:47:55Z" finished-at="2019-09-17T10:47:56Z">
          <reporter-output>
          </reporter-output>
        </test-method> <!-- tearDown -->
        <test-method status="PASS" signature="setUp()[pri:0, instance:TestNGDemo.GoogleTest@71c7db30]" name="setUp" is-config="true" duration-ms="14141" started-at="2019-09-17T10:47:56Z" finished-at="2019-09-17T10:48:11Z">
          <reporter-output>
          </reporter-output>
        </test-method> <!-- setUp -->
        <test-method status="PASS" signature="googleLogoTest()[pri:3, instance:TestNGDemo.GoogleTest@71c7db30]" name="googleLogoTest" duration-ms="298" started-at="2019-09-17T10:48:11Z" finished-at="2019-09-17T10:48:11Z">
          <reporter-output>
          </reporter-output>
        </test-method> <!-- googleLogoTest -->
        <test-method status="PASS" signature="tearDown()[pri:0, instance:TestNGDemo.GoogleTest@71c7db30]" name="tearDown" is-config="true" duration-ms="1199" started-at="2019-09-17T10:48:11Z" finished-at="2019-09-17T10:48:12Z">
          <reporter-output>
          </reporter-output>
        </test-method> <!-- tearDown -->
        <test-method status="PASS" signature="setUp()[pri:0, instance:TestNGDemo.GoogleTest@71c7db30]" name="setUp" is-config="true" duration-ms="12988" started-at="2019-09-17T10:48:12Z" finished-at="2019-09-17T10:48:25Z">
          <reporter-output>
          </reporter-output>
        </test-method> <!-- setUp -->
        <test-method status="PASS" signature="test1()[pri:4, instance:TestNGDemo.GoogleTest@71c7db30]" name="test1" duration-ms="4" started-at="2019-09-17T10:48:25Z" finished-at="2019-09-17T10:48:25Z">
          <reporter-output>
          </reporter-output>
        </test-method> <!-- test1 -->
        <test-method status="PASS" signature="tearDown()[pri:0, instance:TestNGDemo.GoogleTest@71c7db30]" name="tearDown" is-config="true" duration-ms="1076" started-at="2019-09-17T10:48:25Z" finished-at="2019-09-17T10:48:26Z">
          <reporter-output>
          </reporter-output>
        </test-method> <!-- tearDown -->
        <test-method status="PASS" signature="setUp()[pri:0, instance:TestNGDemo.GoogleTest@71c7db30]" name="setUp" is-config="true" duration-ms="13808" started-at="2019-09-17T10:48:26Z" finished-at="2019-09-17T10:48:40Z">
          <reporter-output>
          </reporter-output>
        </test-method> <!-- setUp -->
        <test-method status="PASS" signature="test2()[pri:5, instance:TestNGDemo.GoogleTest@71c7db30]" name="test2" duration-ms="4" started-at="2019-09-17T10:48:40Z" finished-at="2019-09-17T10:48:40Z">
          <reporter-output>
          </reporter-output>
        </test-method> <!-- test2 -->
        <test-method status="PASS" signature="tearDown()[pri:0, instance:TestNGDemo.GoogleTest@71c7db30]" name="tearDown" is-config="true" duration-ms="1040" started-at="2019-09-17T10:48:40Z" finished-at="2019-09-17T10:48:41Z">
          <reporter-output>
          </reporter-output>
        </test-method> <!-- tearDown -->
        <test-method status="PASS" signature="setUp()[pri:0, instance:TestNGDemo.GoogleTest@71c7db30]" name="setUp" is-config="true" duration-ms="19493" started-at="2019-09-17T10:48:41Z" finished-at="2019-09-17T10:49:01Z">
          <reporter-output>
          </reporter-output>
        </test-method> <!-- setUp -->
        <test-method status="PASS" signature="test3()[pri:6, instance:TestNGDemo.GoogleTest@71c7db30]" name="test3" duration-ms="8" started-at="2019-09-17T10:49:01Z" finished-at="2019-09-17T10:49:01Z">
          <reporter-output>
          </reporter-output>
        </test-method> <!-- test3 -->
        <test-method status="PASS" signature="tearDown()[pri:0, instance:TestNGDemo.GoogleTest@71c7db30]" name="tearDown" is-config="true" duration-ms="1369" started-at="2019-09-17T10:49:01Z" finished-at="2019-09-17T10:49:02Z">
          <reporter-output>
          </reporter-output>
        </test-method> <!-- tearDown -->
      </class> <!-- TestNGDemo.GoogleTest -->
    </test> <!-- Different testng feature test -->
  </suite> <!-- TestNg Session Test Automation Suite -->
</testng-results>
